c:\hlocal\manufisica\skeleton\release\callbacks.obj
c:\hlocal\manufisica\skeleton\release\particlegenerator.obj
c:\hlocal\manufisica\skeleton\release\forceregistry.obj
c:\hlocal\manufisica\skeleton\release\rbuniformparticlegenerator.obj
c:\hlocal\manufisica\skeleton\release\boton.obj
c:\hlocal\manufisica\skeleton\release\camera.obj
c:\hlocal\manufisica\skeleton\release\uniformparticlegenerator.obj
c:\hlocal\manufisica\skeleton\release\forcegenerator.obj
c:\hlocal\manufisica\skeleton\release\main.obj
c:\hlocal\manufisica\skeleton\release\rbgaussianparticlegenerator.obj
c:\hlocal\manufisica\skeleton\release\particle.obj
c:\hlocal\manufisica\skeleton\release\renderutils.obj
c:\hlocal\manufisica\skeleton\release\firework.obj
c:\hlocal\manufisica\skeleton\release\render.obj
c:\hlocal\manufisica\skeleton\release\gaussianparticlegenerator.obj
c:\hlocal\manufisica\skeleton\release\rbparticle.obj
c:\hlocal\manufisica\skeleton\release\particlesystem.obj
c:\hlocal\manufisica\bin\game.pdb
c:\hlocal\manufisica\skeleton\release\game.tlog\cl.command.1.tlog
c:\hlocal\manufisica\skeleton\release\game.tlog\cl.items.tlog
c:\hlocal\manufisica\skeleton\release\game.tlog\cl.read.1.tlog
c:\hlocal\manufisica\skeleton\release\game.tlog\cl.write.1.tlog
c:\hlocal\manufisica\skeleton\release\game.tlog\link-cvtres.read.1.tlog
c:\hlocal\manufisica\skeleton\release\game.tlog\link-cvtres.write.1.tlog
c:\hlocal\manufisica\skeleton\release\game.tlog\link-rc.read.1.tlog
c:\hlocal\manufisica\skeleton\release\game.tlog\link-rc.write.1.tlog
c:\hlocal\manufisica\skeleton\release\game.tlog\link.command.1.tlog
c:\hlocal\manufisica\skeleton\release\game.tlog\link.read.1.tlog
c:\hlocal\manufisica\skeleton\release\game.tlog\link.read.2.tlog
c:\hlocal\manufisica\skeleton\release\game.tlog\link.read.3.tlog
c:\hlocal\manufisica\skeleton\release\game.tlog\link.write.1.tlog
