  main.cpp
U:\hlocal\manuFisica\common\PhysX-3.4\PxShared\include\task\PxTask.h(329,1): warning C5220: "physx::PxLightCpuTask::mRefCount": un miembro de datos no estático con un tipo calificado volátil ya no implica
           que los constructores de copia/movimiento generados por el compilador y los operadores de asignación de copia o movimiento no sean triviales
U:\hlocal\manuFisica\common\PhysX-3.4\PxShared\include\task\PxTask.h(326,19): message : vea la declaración de 'physx::PxLightCpuTask::mRefCount'
U:\hlocal\manuFisica\skeleton\Particle.h(18,3): warning C4265: "Particle": la clase tiene funciones virtuales, pero su destructor no trivial no es virtual; puede que las instancias de esta clase no se destruyan correctamente
U:\hlocal\manuFisica\skeleton\ForceGenerator.h(11,1): warning C5204: "ForceGenerator": la clase tiene funciones virtuales, pero su destructor trivial no es virtual; puede que las instancias de objetos derivados de esta clase no se destruyan correctamente
U:\hlocal\manuFisica\skeleton\ForceGenerator.h(20,1): warning C5204: "GravityForceGenerator": la clase tiene funciones virtuales, pero su destructor trivial no es virtual; puede que las instancias de objetos derivados de esta clase no se destruyan correctamente
U:\hlocal\manuFisica\skeleton\ForceGenerator.h(31,1): warning C5204: "WindForceGenerator": la clase tiene funciones virtuales, pero su destructor trivial no es virtual; puede que las instancias de objetos derivados de esta clase no se destruyan correctamente
U:\hlocal\manuFisica\skeleton\ForceGenerator.h(43,1): warning C5204: "WhirlwindForceGenerator": la clase tiene funciones virtuales, pero su destructor trivial no es virtual; puede que las instancias de objetos derivados de esta clase no se destruyan correctamente
U:\hlocal\manuFisica\skeleton\ForceGenerator.h(41,92): warning C5038: miembro de datos "WhirlwindForceGenerator::size" se inicializará después de miembro de datos "WhirlwindForceGenerator::k"
U:\hlocal\manuFisica\skeleton\ForceGenerator.h(60,1): warning C5204: "ExplosionForceGenerator": la clase tiene funciones virtuales, pero su destructor trivial no es virtual; puede que las instancias de objetos derivados de esta clase no se destruyan correctamente
U:\hlocal\manuFisica\skeleton\ForceGenerator.h(94,3): warning C4265: "BuoyancyForceGenerator": la clase tiene funciones virtuales, pero su destructor no trivial no es virtual; puede que las instancias de esta clase no se destruyan correctamente
U:\hlocal\manuFisica\skeleton\ParticleGenerator.h(18,3): warning C4265: "ParticleGenerator": la clase tiene funciones virtuales, pero su destructor no trivial no es virtual; puede que las instancias de esta clase no se destruyan correctamente
U:\hlocal\manuFisica\skeleton\UniformParticleGenerator.h(9,12): warning C4263: 'Particle *UniformParticleGenerator::generateParticles(std::list<Particle *,std::allocator<Particle *>> &,double)': la función miembro no invalida ninguna función miembro virtual de clase base
U:\hlocal\manuFisica\skeleton\UniformParticleGenerator.h(17,1): warning C4264: 'Particle *ParticleGenerator::generateParticles(std::list<Particle *,std::allocator<Particle *>> &,float)': no hay una invalidación disponible para la función miembro virtual desde la base 'ParticleGenerator'; la función está oculta
U:\hlocal\manuFisica\skeleton\ParticleGenerator.h(48,20): message : vea la declaración de 'ParticleGenerator::generateParticles'
U:\hlocal\manuFisica\skeleton\ParticleGenerator.h(13,7): message : vea la declaración de 'ParticleGenerator'
U:\hlocal\manuFisica\skeleton\UniformParticleGenerator.h(7,3): warning C4265: "UniformParticleGenerator": la clase tiene funciones virtuales, pero su destructor no trivial no es virtual; puede que las instancias de esta clase no se destruyan correctamente
U:\hlocal\manuFisica\skeleton\gaussianParticleGenerator.h(7,3): warning C4265: "gaussianParticleGenerator": la clase tiene funciones virtuales, pero su destructor no trivial no es virtual; puede que las instancias de esta clase no se destruyan correctamente
U:\hlocal\manuFisica\skeleton\RBParticle.h(10,3): warning C4265: "RBParticle": la clase tiene funciones virtuales, pero su destructor no trivial no es virtual; puede que las instancias de esta clase no se destruyan correctamente
U:\hlocal\manuFisica\skeleton\Firework.h(21,3): warning C4265: "Firework": la clase tiene funciones virtuales, pero su destructor no trivial no es virtual; puede que las instancias de esta clase no se destruyan correctamente
  game.vcxproj -> U:\hlocal\manuFisica\bin\game.exe
